<?xml version="1.0" encoding="UTF-8"?>
<!-- Generated by org.testng.reporters.JUnitXMLReporter -->
<testsuite ignored="0" hostname="DESKTOP-CTLDGUL" failures="1" tests="2" name="Test" time="20.586" errors="0" timestamp="2024-02-28T09:24:27 IST">
  <testcase classname="testCases.Tc_001_AccountRegistration" name="test_account_registration" time="11.483">
    <failure type="java.lang.AssertionError" message="null">
      <![CDATA[java.lang.AssertionError: null
at testCases.Tc_001_AccountRegistration.test_account_registration(Tc_001_AccountRegistration.java:56)
at java.base/java.util.ArrayList.forEach(ArrayList.java:1511)
... Removed 29 stack frames]]>
    </failure>
  </testcase> <!-- test_account_registration -->
  <testcase classname="testCases.Tc_002_logintest" name="logintest" time="1.337"/>
</testsuite> <!-- Test -->
