<?xml version="1.0" encoding="UTF-8"?>
<testng-results ignored="0" total="2" passed="1" failed="1" skipped="0">
  <reporter-output>
  </reporter-output>
  <suite started-at="2024-02-28T09:24:07 IST" name="Suite" finished-at="2024-02-28T09:24:27 IST" duration-ms="20586">
    <groups>
      <group name="regression">
        <method signature="Tc_001_AccountRegistration.test_account_registration()[pri:0, instance:testCases.Tc_001_AccountRegistration@614ca7df]" name="test_account_registration" class="testCases.Tc_001_AccountRegistration"/>
      </group> <!-- regression -->
      <group name="sanity">
        <method signature="Tc_002_logintest.logintest()[pri:0, instance:testCases.Tc_002_logintest@f5acb9d]" name="logintest" class="testCases.Tc_002_logintest"/>
      </group> <!-- sanity -->
      <group name="master">
        <method signature="Tc_001_AccountRegistration.test_account_registration()[pri:0, instance:testCases.Tc_001_AccountRegistration@614ca7df]" name="test_account_registration" class="testCases.Tc_001_AccountRegistration"/>
        <method signature="Tc_002_logintest.logintest()[pri:0, instance:testCases.Tc_002_logintest@f5acb9d]" name="logintest" class="testCases.Tc_002_logintest"/>
      </group> <!-- master -->
    </groups>
    <test started-at="2024-02-28T09:24:07 IST" name="Test" finished-at="2024-02-28T09:24:27 IST" duration-ms="20586">
      <class name="testCases.Tc_001_AccountRegistration">
        <test-method is-config="true" signature="setup(java.lang.String)[pri:0, instance:testCases.Tc_001_AccountRegistration@614ca7df]" started-at="2024-02-28T09:24:07 IST" name="setup" finished-at="2024-02-28T09:24:10 IST" duration-ms="2733" status="PASS">
          <params>
            <param index="0">
              <value>
                <![CDATA[edge]]>
              </value>
            </param>
          </params>
          <reporter-output>
          </reporter-output>
        </test-method> <!-- setup -->
        <test-method signature="test_account_registration()[pri:0, instance:testCases.Tc_001_AccountRegistration@614ca7df]" started-at="2024-02-28T09:24:10 IST" name="test_account_registration" finished-at="2024-02-28T09:24:21 IST" duration-ms="11483" status="FAIL">
          <exception class="java.lang.AssertionError">
            <message>
              <![CDATA[null]]>
            </message>
            <full-stacktrace>
              <![CDATA[java.lang.AssertionError: null
at org.testng.Assert.fail(Assert.java:99)
at org.testng.Assert.fail(Assert.java:106)
at testCases.Tc_001_AccountRegistration.test_account_registration(Tc_001_AccountRegistration.java:56)
at java.base/jdk.internal.reflect.NativeMethodAccessorImpl.invoke0(Native Method)
at java.base/jdk.internal.reflect.NativeMethodAccessorImpl.invoke(NativeMethodAccessorImpl.java:77)
at java.base/jdk.internal.reflect.DelegatingMethodAccessorImpl.invoke(DelegatingMethodAccessorImpl.java:43)
at java.base/java.lang.reflect.Method.invoke(Method.java:568)
at org.testng.internal.MethodInvocationHelper.invokeMethod(MethodInvocationHelper.java:133)
at org.testng.internal.TestInvoker.invokeMethod(TestInvoker.java:598)
at org.testng.internal.TestInvoker.invokeTestMethod(TestInvoker.java:173)
at org.testng.internal.MethodRunner.runInSequence(MethodRunner.java:46)
at org.testng.internal.TestInvoker$MethodInvocationAgent.invoke(TestInvoker.java:824)
at org.testng.internal.TestInvoker.invokeTestMethods(TestInvoker.java:146)
at org.testng.internal.TestMethodWorker.invokeTestMethods(TestMethodWorker.java:146)
at org.testng.internal.TestMethodWorker.run(TestMethodWorker.java:128)
at java.base/java.util.ArrayList.forEach(ArrayList.java:1511)
at org.testng.TestRunner.privateRun(TestRunner.java:794)
at org.testng.TestRunner.run(TestRunner.java:596)
at org.testng.SuiteRunner.runTest(SuiteRunner.java:377)
at org.testng.SuiteRunner.runSequentially(SuiteRunner.java:371)
at org.testng.SuiteRunner.privateRun(SuiteRunner.java:332)
at org.testng.SuiteRunner.run(SuiteRunner.java:276)
at org.testng.SuiteRunnerWorker.runSuite(SuiteRunnerWorker.java:53)
at org.testng.SuiteRunnerWorker.run(SuiteRunnerWorker.java:96)
at org.testng.TestNG.runSuitesSequentially(TestNG.java:1212)
at org.testng.TestNG.runSuitesLocally(TestNG.java:1134)
at org.testng.TestNG.runSuites(TestNG.java:1063)
at org.testng.TestNG.run(TestNG.java:1031)
at org.testng.remote.AbstractRemoteTestNG.run(AbstractRemoteTestNG.java:115)
at org.testng.remote.RemoteTestNG.initAndRun(RemoteTestNG.java:251)
at org.testng.remote.RemoteTestNG.main(RemoteTestNG.java:77)
]]>
            </full-stacktrace>
          </exception> <!-- java.lang.AssertionError -->
          <reporter-output>
          </reporter-output>
        </test-method> <!-- test_account_registration -->
        <test-method is-config="true" signature="teardown()[pri:0, instance:testCases.Tc_001_AccountRegistration@614ca7df]" started-at="2024-02-28T09:24:22 IST" name="teardown" finished-at="2024-02-28T09:24:23 IST" duration-ms="1288" status="PASS">
          <reporter-output>
          </reporter-output>
        </test-method> <!-- teardown -->
      </class> <!-- testCases.Tc_001_AccountRegistration -->
      <class name="testCases.Tc_002_logintest">
        <test-method is-config="true" signature="setup(java.lang.String)[pri:0, instance:testCases.Tc_002_logintest@f5acb9d]" started-at="2024-02-28T09:24:23 IST" name="setup" finished-at="2024-02-28T09:24:25 IST" duration-ms="1884" status="PASS">
          <params>
            <param index="0">
              <value>
                <![CDATA[edge]]>
              </value>
            </param>
          </params>
          <reporter-output>
          </reporter-output>
        </test-method> <!-- setup -->
        <test-method signature="logintest()[pri:0, instance:testCases.Tc_002_logintest@f5acb9d]" started-at="2024-02-28T09:24:25 IST" name="logintest" finished-at="2024-02-28T09:24:26 IST" duration-ms="1337" status="PASS">
          <reporter-output>
          </reporter-output>
        </test-method> <!-- logintest -->
        <test-method is-config="true" signature="teardown()[pri:0, instance:testCases.Tc_002_logintest@f5acb9d]" started-at="2024-02-28T09:24:26 IST" name="teardown" finished-at="2024-02-28T09:24:27 IST" duration-ms="1342" status="PASS">
          <reporter-output>
          </reporter-output>
        </test-method> <!-- teardown -->
      </class> <!-- testCases.Tc_002_logintest -->
    </test> <!-- Test -->
  </suite> <!-- Suite -->
</testng-results>
